# JRE version: Java(TM) SE Runtime Environment (11.0+28) (build 11+28)
# Java VM: Java HotSpot(TM) 64-Bit Server VM (11+28, mixed mode, tiered, compressed oops, g1 gc, windows-amd64)
Heap:
 garbage-first heap   total 89088K, used 64413K [0x0000000702000000, 0x0000000800000000)
  region size 1024K, 38 young (38912K), 3 survivors (3072K)
 Metaspace       used 60233K, capacity 62018K, committed 62800K, reserved 1103872K
  class space    used 7976K, capacity 8675K, committed 8864K, reserved 1048576K
GC Heap History (10 events):
Event: 6377.568 GC heap before
{Heap before GC invocations=19 (full 3):
 garbage-first heap   total 89088K, used 68772K [0x0000000702000000, 0x0000000800000000)
  region size 1024K, 44 young (45056K), 3 survivors (3072K)
 Metaspace       used 59883K, capacity 61476K, committed 62544K, reserved 1103872K
  class space    used 7918K, capacity 8556K, committed 8864K, reserved 1048576K
}
Event: 6377.577 GC heap after
{Heap after GC invocations=20 (full 3):
 garbage-first heap   total 89088K, used 28633K [0x0000000702000000, 0x0000000800000000)
  region size 1024K, 5 young (5120K), 5 survivors (5120K)
 Metaspace       used 59883K, capacity 61476K, committed 62544K, reserved 1103872K
  class space    used 7918K, capacity 8556K, committed 8864K, reserved 1048576K
}
Event: 6390.941 GC heap before
{Heap before GC invocations=20 (full 3):
 garbage-first heap   total 89088K, used 68569K [0x0000000702000000, 0x0000000800000000)
  region size 1024K, 45 young (46080K), 5 survivors (5120K)
 Metaspace       used 60036K, capacity 61660K, committed 62544K, reserved 1103872K
  class space    used 7945K, capacity 8596K, committed 8864K, reserved 1048576K
}
Event: 6390.982 GC heap after
{Heap after GC invocations=21 (full 3):
 garbage-first heap   total 89088K, used 28222K [0x0000000702000000, 0x0000000800000000)
  region size 1024K, 2 young (2048K), 2 survivors (2048K)
 Metaspace       used 60036K, capacity 61660K, committed 62544K, reserved 1103872K
  class space    used 7945K, capacity 8596K, committed 8864K, reserved 1048576K
}
Event: 6391.576 GC heap before
{Heap before GC invocations=21 (full 3):
 garbage-first heap   total 89088K, used 70206K [0x0000000702000000, 0x0000000800000000)
  region size 1024K, 44 young (45056K), 2 survivors (2048K)
 Metaspace       used 60135K, capacity 61828K, committed 62544K, reserved 1103872K
  class space    used 7961K, capacity 8647K, committed 8864K, reserved 1048576K
}
Event: 6391.611 GC heap after
{Heap after GC invocations=22 (full 3):
 garbage-first heap   total 89088K, used 30300K [0x0000000702000000, 0x0000000800000000)
  region size 1024K, 4 young (4096K), 4 survivors (4096K)
 Metaspace       used 60135K, capacity 61828K, committed 62544K, reserved 1103872K
  class space    used 7961K, capacity 8647K, committed 8864K, reserved 1048576K
}
Event: 6424.274 GC heap before
{Heap before GC invocations=22 (full 3):
 garbage-first heap   total 89088K, used 70236K [0x0000000702000000, 0x0000000800000000)
  region size 1024K, 44 young (45056K), 4 survivors (4096K)
 Metaspace       used 60164K, capacity 61873K, committed 62544K, reserved 1103872K
  class space    used 7966K, capacity 8657K, committed 8864K, reserved 1048576K
}
Event: 6424.337 GC heap after
{Heap after GC invocations=23 (full 3):
 garbage-first heap   total 89088K, used 29860K [0x0000000702000000, 0x0000000800000000)
  region size 1024K, 3 young (3072K), 3 survivors (3072K)
 Metaspace       used 60164K, capacity 61873K, committed 62544K, reserved 1103872K
  class space    used 7966K, capacity 8657K, committed 8864K, reserved 1048576K
}
Event: 6424.589 GC heap before
{Heap before GC invocations=23 (full 3):
 garbage-first heap   total 89088K, used 68772K [0x0000000702000000, 0x0000000800000000)
  region size 1024K, 42 young (43008K), 3 survivors (3072K)
 Metaspace       used 60179K, capacity 61891K, committed 62544K, reserved 1103872K
  class space    used 7967K, capacity 8659K, committed 8864K, reserved 1048576K
}
Event: 6424.618 GC heap after
{Heap after GC invocations=24 (full 3):
 garbage-first heap   total 89088K, used 30621K [0x0000000702000000, 0x0000000800000000)
  region size 1024K, 3 young (3072K), 3 survivors (3072K)
 Metaspace       used 60179K, capacity 61891K, committed 62544K, reserved 1103872K
  class space    used 7967K, capacity 8659K, committed 8864K, reserved 1048576K
}

